#
# There is insufficient memory for the Java Runtime Environment to continue.
# Native memory allocation (malloc) failed to allocate 807264 bytes for Chunk::new
# Possible reasons:
#   The system is out of physical RAM or swap space
#   The process is running with CompressedOops enabled, and the Java Heap may be blocking the growth of the native heap
# Possible solutions:
#   Reduce memory load on the system
#   Increase physical memory or swap space
#   Check if swap backing store is full
#   Decrease Java heap size (-Xmx/-Xms)
#   Decrease number of Java threads
#   Decrease Java thread stack sizes (-Xss)
#   Set larger code cache with -XX:ReservedCodeCacheSize=
#   JVM is running with Zero Based Compressed Oops mode in which the Java heap is
#     placed in the first 32GB address space. The Java Heap base address is the
#     maximum limit for the native heap growth. Please use -XX:HeapBaseMinAddress
#     to set the Java Heap base and to place the Java Heap above 32GB virtual address.
# This output file may be truncated or incomplete.
#
#  Out of Memory Error (./open/src/hotspot/share/memory/arena.cpp:195), pid=22852, tid=12752
#
# JRE version: OpenJDK Runtime Environment (14.0.1+7) (build 14.0.1+7)
# Java VM: OpenJDK 64-Bit Server VM (14.0.1+7, mixed mode, sharing, tiered, compressed oops, g1 gc, windows-amd64)
# No core dump will be written. Minidumps are not enabled by default on client versions of Windows
#

---------------  S U M M A R Y ------------

Command Line: --module-path=D:\Nukkit Downloads\openjfx-17.0.0.1_windows-x64_bin-sdk\javafx-sdk-17.0.0.1\lib --add-modules=javafx.swing,javafx.graphics,javafx.fxml,javafx.media,javafx.web -javaagent:C:\Program Files\JetBrains\IntelliJ IDEA Community Edition 2020.1.1\lib\idea_rt.jar=63883:C:\Program Files\JetBrains\IntelliJ IDEA Community Edition 2020.1.1\bin -Dfile.encoding=UTF-8 com.browser.Service

Host: AMD Ryzen 9 3900X 12-Core Processor            , 24 cores, 15G,  Windows 10 , 64 bit Build 22000 (10.0.22000.120)
Time: Thu Oct 14 18:30:16 2021 Mitteleuropäische Sommerzeit elapsed time: 3 seconds (0d 0h 0m 3s)

---------------  T H R E A D  ---------------

Current thread (0x00000260a57f9000):  JavaThread "C2 CompilerThread0" daemon [_thread_in_native, id=12752, stack(0x000000abdfa00000,0x000000abdfb00000)]


Current CompileTask:
C2:   3326 4260       4       com.sun.marlin.Renderer::_endRendering (2473 bytes)

Stack: [0x000000abdfa00000,0x000000abdfb00000]
Native frames: (J=compiled Java code, j=interpreted, Vv=VM code, C=native code)
V  [jvm.dll+0x5f840a]
V  [jvm.dll+0x741e4a]
V  [jvm.dll+0x7435ff]
V  [jvm.dll+0x743c43]
V  [jvm.dll+0x20d288]
V  [jvm.dll+0xabb07]
V  [jvm.dll+0xac1fc]
V  [jvm.dll+0x31c4c5]
V  [jvm.dll+0x18ce00]
V  [jvm.dll+0x1e5efa]
V  [jvm.dll+0x1e50b8]
V  [jvm.dll+0x1779cc]
V  [jvm.dll+0x1f4105]
V  [jvm.dll+0x1f22eb]
V  [jvm.dll+0x706a9d]
V  [jvm.dll+0x6ff8ba]
V  [jvm.dll+0x5f72c6]
C  [ucrtbase.dll+0x26c0c]
C  [KERNEL32.DLL+0x154e0]
C  [ntdll.dll+0x485b]


---------------  P R O C E S S  ---------------

Threads class SMR info:
_java_thread_list=0x00000260f6eec6c0, length=50, elements={
0x00000260ffacd800, 0x00000260a4565000, 0x00000260a4568000, 0x00000260a57f0800,
0x00000260a57f3800, 0x00000260a57f4800, 0x00000260a57f9000, 0x00000260a57fa000,
0x00000260a580c000, 0x00000260a4548800, 0x00000260a592a000, 0x00000260a59b4000,
0x00000260a59b5000, 0x00000260a6448800, 0x00000260a6555800, 0x00000260a6bec800,
0x00000260a6fec000, 0x00000260a6f56000, 0x00000260a73d0800, 0x00000260a73cd000,
0x00000260a73d2000, 0x00000260a73cf800, 0x00000260a73cf000, 0x00000260a73d3000,
0x00000260a7b26800, 0x00000260a7b27800, 0x00000260a7b29000, 0x00000260a7b25000,
0x00000260a7b2a000, 0x00000260a7b25800, 0x00000260a7b24000, 0x00000260a7b2e000,
0x00000260a7b2c000, 0x00000260a7b2f800, 0x00000260a7b2e800, 0x00000260a7b30800,
0x00000260a7b2a800, 0x00000260a7b31000, 0x00000260a7b2b800, 0x00000260a7b32000,
0x00000260a7b2d000, 0x00000260f77e9800, 0x00000260f77e6000, 0x00000260f77ea800,
0x00000260f77eb000, 0x00000260f77ec000, 0x00000260f77e8000, 0x00000260f77ec800,
0x00000260f77e8800, 0x00000260f77e7000
}

Java Threads: ( => current thread )
  0x00000260ffacd800 JavaThread "main" [_thread_blocked, id=20804, stack(0x000000abdee00000,0x000000abdef00000)]
  0x00000260a4565000 JavaThread "Reference Handler" daemon [_thread_blocked, id=27260, stack(0x000000abdf500000,0x000000abdf600000)]
  0x00000260a4568000 JavaThread "Finalizer" daemon [_thread_blocked, id=3264, stack(0x000000abdf600000,0x000000abdf700000)]
  0x00000260a57f0800 JavaThread "Signal Dispatcher" daemon [_thread_blocked, id=20564, stack(0x000000abdf700000,0x000000abdf800000)]
  0x00000260a57f3800 JavaThread "Attach Listener" daemon [_thread_blocked, id=16056, stack(0x000000abdf800000,0x000000abdf900000)]
  0x00000260a57f4800 JavaThread "Service Thread" daemon [_thread_blocked, id=3956, stack(0x000000abdf900000,0x000000abdfa00000)]
=>0x00000260a57f9000 JavaThread "C2 CompilerThread0" daemon [_thread_in_native, id=12752, stack(0x000000abdfa00000,0x000000abdfb00000)]
  0x00000260a57fa000 JavaThread "C1 CompilerThread0" daemon [_thread_blocked, id=920, stack(0x000000abdfb00000,0x000000abdfc00000)]
  0x00000260a580c000 JavaThread "Sweeper thread" daemon [_thread_blocked, id=15496, stack(0x000000abdfc00000,0x000000abdfd00000)]
  0x00000260a4548800 JavaThread "Common-Cleaner" daemon [_thread_blocked, id=5300, stack(0x000000abdfd00000,0x000000abdfe00000)]
  0x00000260a592a000 JavaThread "C1 CompilerThread1" daemon [_thread_blocked, id=22188, stack(0x000000abdfe00000,0x000000abdff00000)]
  0x00000260a59b4000 JavaThread "C1 CompilerThread2" daemon [_thread_blocked, id=13980, stack(0x000000abdff00000,0x000000abe0000000)]
  0x00000260a59b5000 JavaThread "C1 CompilerThread3" daemon [_thread_blocked, id=16604, stack(0x000000abe0000000,0x000000abe0100000)]
  0x00000260a6448800 JavaThread "Monitor Ctrl-Break" daemon [_thread_in_native, id=3460, stack(0x000000abe0600000,0x000000abe0700000)]
  0x00000260a6555800 JavaThread "Notification Thread" daemon [_thread_blocked, id=16368, stack(0x000000abe0700000,0x000000abe0800000)]
  0x00000260a6bec800 JavaThread "Thread-0" [_thread_in_native, id=9056, stack(0x000000abe0900000,0x000000abe0a00000)]
  0x00000260a6fec000 JavaThread "Java2D Disposer" daemon [_thread_blocked, id=22568, stack(0x000000abe0a00000,0x000000abe0b00000)]
  0x00000260a6f56000 JavaThread "AWT-Shutdown" [_thread_blocked, id=13380, stack(0x000000abe0b00000,0x000000abe0c00000)]
  0x00000260a73d0800 JavaThread "AWT-Windows" daemon [_thread_in_native, id=23448, stack(0x000000abe0c00000,0x000000abe0d00000)]
  0x00000260a73cd000 JavaThread "JavaFX-Launcher" [_thread_blocked, id=2952, stack(0x000000abe0d00000,0x000000abe0e00000)]
  0x00000260a73d2000 JavaThread "QuantumRenderer-0" daemon [_thread_in_native, id=15476, stack(0x000000abe0e00000,0x000000abe0f00000)]
  0x00000260a73cf800 JavaThread "InvokeLaterDispatcher" daemon [_thread_blocked, id=26800, stack(0x000000abe0500000,0x000000abe0600000)]
  0x00000260a73cf000 JavaThread "JavaFX Application Thread" [_thread_in_native, id=15820, stack(0x000000abe0f00000,0x000000abe1000000)]
  0x00000260a73d3000 JavaThread "Thread-3" daemon [_thread_in_native, id=20896, stack(0x000000abe2800000,0x000000abe2900000)]
  0x00000260a7b26800 JavaThread "Prism Font Disposer" daemon [_thread_blocked, id=25040, stack(0x000000abe3200000,0x000000abe3300000)]
  0x00000260a7b27800 JavaThread "Disposer" daemon [_thread_blocked, id=4264, stack(0x000000abe3400000,0x000000abe3500000)]
  0x00000260a7b29000 JavaThread "AWT-EventQueue-0" [_thread_blocked, id=22704, stack(0x000000abe0400000,0x000000abe0500000)]
  0x00000260a7b25000 JavaThread "HttpClient-1-SelectorManager" daemon [_thread_in_native, id=13004, stack(0x000000abe3b00000,0x000000abe3c00000)]
  0x00000260a7b2a000 JavaThread "HttpClient-1-Worker-0" daemon [_thread_blocked, id=27224, stack(0x000000abe3c00000,0x000000abe3d00000)]
  0x00000260a7b25800 JavaThread "HttpClient-1-Worker-1" daemon [_thread_blocked, id=3300, stack(0x000000abe3e00000,0x000000abe3f00000)]
  0x00000260a7b24000 JavaThread "HttpClient-1-Worker-2" daemon [_thread_blocked, id=3876, stack(0x000000abe4900000,0x000000abe4a00000)]
  0x00000260a7b2e000 JavaThread "SwingNode Disposer" daemon [_thread_blocked, id=11204, stack(0x000000abe4a00000,0x000000abe4b00000)]
  0x00000260a7b2c000 JavaThread "ForkJoinPool.commonPool-worker-51" daemon [_thread_blocked, id=15968, stack(0x000000abe4b00000,0x000000abe4c00000)]
  0x00000260a7b2f800 JavaThread "ForkJoinPool.commonPool-worker-37" daemon [_thread_blocked, id=5764, stack(0x000000abe4c00000,0x000000abe4d00000)]
  0x00000260a7b2e800 JavaThread "ForkJoinPool.commonPool-worker-23" daemon [_thread_blocked, id=19704, stack(0x000000abe4d00000,0x000000abe4e00000)]
  0x00000260a7b30800 JavaThread "ForkJoinPool.commonPool-worker-9" daemon [_thread_blocked, id=12616, stack(0x000000abe4e00000,0x000000abe4f00000)]
  0x00000260a7b2a800 JavaThread "ForkJoinPool.commonPool-worker-59" daemon [_thread_blocked, id=25416, stack(0x000000abe4f00000,0x000000abe5000000)]
  0x00000260a7b31000 JavaThread "ForkJoinPool.commonPool-worker-45" daemon [_thread_blocked, id=13244, stack(0x000000abe5000000,0x000000abe5100000)]
  0x00000260a7b2b800 JavaThread "HttpClient-1-Worker-3" daemon [_thread_blocked, id=13712, stack(0x000000abe5300000,0x000000abe5400000)]
  0x00000260a7b32000 JavaThread "HttpClient-1-Worker-4" daemon [_thread_blocked, id=22480, stack(0x000000abe5400000,0x000000abe5500000)]
  0x00000260a7b2d000 JavaThread "Cleaner-0" daemon [_thread_blocked, id=26984, stack(0x000000abe5700000,0x000000abe5800000)]
  0x00000260f77e9800 JavaThread "ForkJoinPool.commonPool-worker-31" daemon [_thread_blocked, id=17220, stack(0x000000abe5800000,0x000000abe5900000)]
  0x00000260f77e6000 JavaThread "ForkJoinPool.commonPool-worker-17" daemon [_thread_blocked, id=2324, stack(0x000000abe5900000,0x000000abe5a00000)]
  0x00000260f77ea800 JavaThread "ForkJoinPool.commonPool-worker-3" daemon [_thread_blocked, id=22396, stack(0x000000abe5a00000,0x000000abe5b00000)]
  0x00000260f77eb000 JavaThread "ForkJoinPool.commonPool-worker-53" daemon [_thread_blocked, id=22436, stack(0x000000abe5b00000,0x000000abe5c00000)]
  0x00000260f77ec000 JavaThread "ForkJoinPool.commonPool-worker-39" daemon [_thread_blocked, id=20880, stack(0x000000abe5c00000,0x000000abe5d00000)]
  0x00000260f77e8000 JavaThread "ForkJoinPool.commonPool-worker-25" daemon [_thread_blocked, id=13156, stack(0x000000abe5d00000,0x000000abe5e00000)]
  0x00000260f77ec800 JavaThread "ForkJoinPool.commonPool-worker-11" daemon [_thread_blocked, id=14756, stack(0x000000abe5f00000,0x000000abe6000000)]
  0x00000260f77e8800 JavaThread "C2 CompilerThread1" daemon [_thread_blocked, id=13832, stack(0x000000abe0100000,0x000000abe0200000)]
  0x00000260f77e7000 JavaThread "C2 CompilerThread2" daemon [_thread_blocked, id=13080, stack(0x000000abe0200000,0x000000abe0300000)]

Other Threads:
  0x00000260a4562000 VMThread "VM Thread" [stack: 0x000000abdf400000,0x000000abdf500000] [id=2308]
  0x00000260a6a8f800 WatcherThread [stack: 0x000000abe0800000,0x000000abe0900000] [id=23596]
  0x00000260ffb34000 GCTaskThread "GC Thread#0" [stack: 0x000000abdef00000,0x000000abdf000000] [id=21964]
  0x00000260a78b4000 GCTaskThread "GC Thread#1" [stack: 0x000000abe2900000,0x000000abe2a00000] [id=2380]
  0x00000260a78b5000 GCTaskThread "GC Thread#2" [stack: 0x000000abe2a00000,0x000000abe2b00000] [id=11408]
  0x00000260a78b6000 GCTaskThread "GC Thread#3" [stack: 0x000000abe2b00000,0x000000abe2c00000] [id=7076]
  0x00000260a78b6800 GCTaskThread "GC Thread#4" [stack: 0x000000abe2c00000,0x000000abe2d00000] [id=8396]
  0x00000260a78b7800 GCTaskThread "GC Thread#5" [stack: 0x000000abe2d00000,0x000000abe2e00000] [id=26496]
  0x00000260a78b8000 GCTaskThread "GC Thread#6" [stack: 0x000000abe2e00000,0x000000abe2f00000] [id=4440]
  0x00000260a78b9800 GCTaskThread "GC Thread#7" [stack: 0x000000abe2f00000,0x000000abe3000000] [id=4080]
  0x00000260a78ba000 GCTaskThread "GC Thread#8" [stack: 0x000000abe3000000,0x000000abe3100000] [id=4560]
  0x00000260a78bf000 GCTaskThread "GC Thread#9" [stack: 0x000000abe3100000,0x000000abe3200000] [id=6700]
  0x00000260a7b61800 GCTaskThread "GC Thread#10" [stack: 0x000000abe3500000,0x000000abe3600000] [id=17756]
  0x00000260a7c2b800 GCTaskThread "GC Thread#11" [stack: 0x000000abe3600000,0x000000abe3700000] [id=2096]
  0x00000260ffb55800 ConcurrentGCThread "G1 Main Marker" [stack: 0x000000abdf000000,0x000000abdf100000] [id=9360]
  0x00000260ffb57000 ConcurrentGCThread "G1 Conc#0" [stack: 0x000000abdf100000,0x000000abdf200000] [id=20452]
  0x00000260f4e3b000 ConcurrentGCThread "G1 Conc#1" [stack: 0x000000abe3700000,0x000000abe3800000] [id=18724]
  0x00000260a7cc0800 ConcurrentGCThread "G1 Conc#2" [stack: 0x000000abe3800000,0x000000abe3900000] [id=14264]
  0x00000260a7b6e800 ConcurrentGCThread "G1 Conc#3" [stack: 0x000000abe3900000,0x000000abe3a00000] [id=21272]
  0x00000260a7df6000 ConcurrentGCThread "G1 Conc#4" [stack: 0x000000abe3a00000,0x000000abe3b00000] [id=2376]
  0x00000260a44ac800 ConcurrentGCThread "G1 Refine#0" [stack: 0x000000abdf200000,0x000000abdf300000] [id=13552]
  0x00000260a44ad800 ConcurrentGCThread "G1 Young RemSet Sampling" [stack: 0x000000abdf300000,0x000000abdf400000] [id=21860]

Threads with active compile tasks:
C2 CompilerThread0     3351 4260       4       com.sun.marlin.Renderer::_endRendering (2473 bytes)

VM state:not at safepoint (normal execution)

VM Mutex/Monitor currently owned by a thread: None

Heap address: 0x0000000701000000, size: 4080 MB, Compressed Oops mode: Zero based, Oop shift amount: 3
Narrow klass base: 0x0000000800000000, Narrow klass shift: 3
Compressed class space size: 1073741824 Address: 0x0000000800b30000

Heap:
 garbage-first heap   total 153600K, used 59682K [0x0000000701000000, 0x0000000800000000)
  region size 1024K, 45 young (46080K), 3 survivors (3072K)
 Metaspace       used 32249K, capacity 33327K, committed 33532K, reserved 1079296K
  class space    used 4199K, capacity 4655K, committed 4684K, reserved 1048576K
Heap Regions: E=young(eden), S=young(survivor), O=old, HS=humongous(starts), HC=humongous(continues), CS=collection set, F=free, OA=open archive, CA=closed archive, TAMS=top-at-mark-start (previous, next)
|   0|0x0000000701000000, 0x0000000701100000, 0x0000000701100000|100%| O|  |TAMS 0x0000000701100000, 0x0000000701000000| Untracked 
|   1|0x0000000701100000, 0x0000000701200000, 0x0000000701200000|100%| O|  |TAMS 0x0000000701200000, 0x0000000701100000| Untracked 
|   2|0x0000000701200000, 0x0000000701300000, 0x0000000701300000|100%| O|  |TAMS 0x0000000701300000, 0x0000000701200000| Untracked 
|   3|0x0000000701300000, 0x0000000701400000, 0x0000000701400000|100%| O|  |TAMS 0x0000000701400000, 0x0000000701300000| Untracked 
|   4|0x0000000701400000, 0x0000000701500000, 0x0000000701500000|100%| O|  |TAMS 0x0000000701500000, 0x0000000701400000| Untracked 
|   5|0x0000000701500000, 0x0000000701579c00, 0x0000000701600000| 47%| O|  |TAMS 0x0000000701579c00, 0x0000000701500000| Untracked 
|   6|0x0000000701600000, 0x0000000701700000, 0x0000000701700000|100%| O|  |TAMS 0x0000000701600000, 0x0000000701600000| Untracked 
|   7|0x0000000701700000, 0x0000000701800000, 0x0000000701800000|100%| O|  |TAMS 0x0000000701700000, 0x0000000701700000| Untracked 
|   8|0x0000000701800000, 0x0000000701900000, 0x0000000701900000|100%| O|  |TAMS 0x0000000701800000, 0x0000000701800000| Untracked 
|   9|0x0000000701900000, 0x0000000701a00000, 0x0000000701a00000|100%| O|  |TAMS 0x0000000701900000, 0x0000000701900000| Untracked 
|  10|0x0000000701a00000, 0x0000000701b00000, 0x0000000701b00000|100%| O|  |TAMS 0x0000000701a00000, 0x0000000701a00000| Untracked 
|  11|0x0000000701b00000, 0x0000000701c00000, 0x0000000701c00000|100%| O|  |TAMS 0x0000000701b00000, 0x0000000701b00000| Untracked 
|  12|0x0000000701c00000, 0x0000000701d00000, 0x0000000701d00000|100%|HS|  |TAMS 0x0000000701c00000, 0x0000000701c00000| Complete 
|  13|0x0000000701d00000, 0x0000000701e00000, 0x0000000701e00000|100%|HC|  |TAMS 0x0000000701d00000, 0x0000000701d00000| Complete 
|  14|0x0000000701e00000, 0x0000000701f00000, 0x0000000701f00000|100%| O|  |TAMS 0x0000000701e00000, 0x0000000701e00000| Untracked 
|  15|0x0000000701f00000, 0x0000000701fc0e00, 0x0000000702000000| 75%| O|  |TAMS 0x0000000701f00000, 0x0000000701f00000| Untracked 
|  16|0x0000000702000000, 0x0000000702100000, 0x0000000702100000|100%| O|  |TAMS 0x0000000702000000, 0x0000000702000000| Untracked 
|  17|0x0000000702100000, 0x0000000702100000, 0x0000000702200000|  0%| F|  |TAMS 0x0000000702100000, 0x0000000702100000| Untracked 
|  18|0x0000000702200000, 0x0000000702200000, 0x0000000702300000|  0%| F|  |TAMS 0x0000000702200000, 0x0000000702200000| Untracked 
|  19|0x0000000702300000, 0x0000000702300000, 0x0000000702400000|  0%| F|  |TAMS 0x0000000702300000, 0x0000000702300000| Untracked 
|  20|0x0000000702400000, 0x0000000702400000, 0x0000000702500000|  0%| F|  |TAMS 0x0000000702400000, 0x0000000702400000| Untracked 
|  21|0x0000000702500000, 0x0000000702500000, 0x0000000702600000|  0%| F|  |TAMS 0x0000000702500000, 0x0000000702500000| Untracked 
|  22|0x0000000702600000, 0x0000000702600000, 0x0000000702700000|  0%| F|  |TAMS 0x0000000702600000, 0x0000000702600000| Untracked 
|  23|0x0000000702700000, 0x000000070270e0c0, 0x0000000702800000|  5%| S|CS|TAMS 0x0000000702700000, 0x0000000702700000| Complete 
|  24|0x0000000702800000, 0x0000000702900000, 0x0000000702900000|100%| S|CS|TAMS 0x0000000702800000, 0x0000000702800000| Complete 
|  25|0x0000000702900000, 0x0000000702900000, 0x0000000702a00000|  0%| F|  |TAMS 0x0000000702900000, 0x0000000702900000| Untracked 
|  26|0x0000000702a00000, 0x0000000702a00000, 0x0000000702b00000|  0%| F|  |TAMS 0x0000000702a00000, 0x0000000702a00000| Untracked 
|  27|0x0000000702b00000, 0x0000000702b00000, 0x0000000702c00000|  0%| F|  |TAMS 0x0000000702b00000, 0x0000000702b00000| Untracked 
|  28|0x0000000702c00000, 0x0000000702d00000, 0x0000000702d00000|100%| S|CS|TAMS 0x0000000702c00000, 0x0000000702c00000| Complete 
|  29|0x0000000702d00000, 0x0000000702d00000, 0x0000000702e00000|  0%| F|  |TAMS 0x0000000702d00000, 0x0000000702d00000| Untracked 
|  30|0x0000000702e00000, 0x0000000702e00000, 0x0000000702f00000|  0%| F|  |TAMS 0x0000000702e00000, 0x0000000702e00000| Untracked 
|  31|0x0000000702f00000, 0x0000000702f00000, 0x0000000703000000|  0%| F|  |TAMS 0x0000000702f00000, 0x0000000702f00000| Untracked 
|  32|0x0000000703000000, 0x0000000703000000, 0x0000000703100000|  0%| F|  |TAMS 0x0000000703000000, 0x0000000703000000| Untracked 
|  33|0x0000000703100000, 0x0000000703100000, 0x0000000703200000|  0%| F|  |TAMS 0x0000000703100000, 0x0000000703100000| Untracked 
|  34|0x0000000703200000, 0x0000000703200000, 0x0000000703300000|  0%| F|  |TAMS 0x0000000703200000, 0x0000000703200000| Untracked 
|  35|0x0000000703300000, 0x0000000703300000, 0x0000000703400000|  0%| F|  |TAMS 0x0000000703300000, 0x0000000703300000| Untracked 
|  36|0x0000000703400000, 0x0000000703400000, 0x0000000703500000|  0%| F|  |TAMS 0x0000000703400000, 0x0000000703400000| Untracked 
|  37|0x0000000703500000, 0x0000000703500000, 0x0000000703600000|  0%| F|  |TAMS 0x0000000703500000, 0x0000000703500000| Untracked 
|  38|0x0000000703600000, 0x0000000703600000, 0x0000000703700000|  0%| F|  |TAMS 0x0000000703600000, 0x0000000703600000| Untracked 
|  39|0x0000000703700000, 0x0000000703700000, 0x0000000703800000|  0%| F|  |TAMS 0x0000000703700000, 0x0000000703700000| Untracked 
|  40|0x0000000703800000, 0x0000000703800000, 0x0000000703900000|  0%| F|  |TAMS 0x0000000703800000, 0x0000000703800000| Untracked 
|  41|0x0000000703900000, 0x0000000703900000, 0x0000000703a00000|  0%| F|  |TAMS 0x0000000703900000, 0x0000000703900000| Untracked 
|  42|0x0000000703a00000, 0x0000000703a00000, 0x0000000703b00000|  0%| F|  |TAMS 0x0000000703a00000, 0x0000000703a00000| Untracked 
|  43|0x0000000703b00000, 0x0000000703b00000, 0x0000000703c00000|  0%| F|  |TAMS 0x0000000703b00000, 0x0000000703b00000| Untracked 
|  44|0x0000000703c00000, 0x0000000703c00000, 0x0000000703d00000|  0%| F|  |TAMS 0x0000000703c00000, 0x0000000703c00000| Untracked 
|  45|0x0000000703d00000, 0x0000000703d00000, 0x0000000703e00000|  0%| F|  |TAMS 0x0000000703d00000, 0x0000000703d00000| Untracked 
|  46|0x0000000703e00000, 0x0000000703e00000, 0x0000000703f00000|  0%| F|  |TAMS 0x0000000703e00000, 0x0000000703e00000| Untracked 
|  47|0x0000000703f00000, 0x0000000703f00000, 0x0000000704000000|  0%| F|  |TAMS 0x0000000703f00000, 0x0000000703f00000| Untracked 
|  48|0x0000000704000000, 0x0000000704000000, 0x0000000704100000|  0%| F|  |TAMS 0x0000000704000000, 0x0000000704000000| Untracked 
|  49|0x0000000704100000, 0x0000000704100000, 0x0000000704200000|  0%| F|  |TAMS 0x0000000704100000, 0x0000000704100000| Untracked 
|  50|0x0000000704200000, 0x0000000704200000, 0x0000000704300000|  0%| F|  |TAMS 0x0000000704200000, 0x0000000704200000| Untracked 
|  51|0x0000000704300000, 0x0000000704300000, 0x0000000704400000|  0%| F|  |TAMS 0x0000000704300000, 0x0000000704300000| Untracked 
|  52|0x0000000704400000, 0x0000000704400000, 0x0000000704500000|  0%| F|  |TAMS 0x0000000704400000, 0x0000000704400000| Untracked 
|  53|0x0000000704500000, 0x0000000704500000, 0x0000000704600000|  0%| F|  |TAMS 0x0000000704500000, 0x0000000704500000| Untracked 
|  54|0x0000000704600000, 0x0000000704600000, 0x0000000704700000|  0%| F|  |TAMS 0x0000000704600000, 0x0000000704600000| Untracked 
|  55|0x0000000704700000, 0x0000000704700000, 0x0000000704800000|  0%| F|  |TAMS 0x0000000704700000, 0x0000000704700000| Untracked 
|  56|0x0000000704800000, 0x0000000704800000, 0x0000000704900000|  0%| F|  |TAMS 0x0000000704800000, 0x0000000704800000| Untracked 
|  57|0x0000000704900000, 0x0000000704900000, 0x0000000704a00000|  0%| F|  |TAMS 0x0000000704900000, 0x0000000704900000| Untracked 
|  58|0x0000000704a00000, 0x0000000704a00000, 0x0000000704b00000|  0%| F|  |TAMS 0x0000000704a00000, 0x0000000704a00000| Untracked 
|  59|0x0000000704b00000, 0x0000000704b00000, 0x0000000704c00000|  0%| F|  |TAMS 0x0000000704b00000, 0x0000000704b00000| Untracked 
|  60|0x0000000704c00000, 0x0000000704c00000, 0x0000000704d00000|  0%| F|  |TAMS 0x0000000704c00000, 0x0000000704c00000| Untracked 
|  61|0x0000000704d00000, 0x0000000704d00000, 0x0000000704e00000|  0%| F|  |TAMS 0x0000000704d00000, 0x0000000704d00000| Untracked 
|  62|0x0000000704e00000, 0x0000000704e00000, 0x0000000704f00000|  0%| F|  |TAMS 0x0000000704e00000, 0x0000000704e00000| Untracked 
|  63|0x0000000704f00000, 0x0000000704f00000, 0x0000000705000000|  0%| F|  |TAMS 0x0000000704f00000, 0x0000000704f00000| Untracked 
|  64|0x0000000705000000, 0x0000000705000000, 0x0000000705100000|  0%| F|  |TAMS 0x0000000705000000, 0x0000000705000000| Untracked 
|  65|0x0000000705100000, 0x0000000705100000, 0x0000000705200000|  0%| F|  |TAMS 0x0000000705100000, 0x0000000705100000| Untracked 
|  66|0x0000000705200000, 0x0000000705200000, 0x0000000705300000|  0%| F|  |TAMS 0x0000000705200000, 0x0000000705200000| Untracked 
|  67|0x0000000705300000, 0x0000000705300000, 0x0000000705400000|  0%| F|  |TAMS 0x0000000705300000, 0x0000000705300000| Untracked 
|  68|0x0000000705400000, 0x0000000705400000, 0x0000000705500000|  0%| F|  |TAMS 0x0000000705400000, 0x0000000705400000| Untracked 
|  69|0x0000000705500000, 0x0000000705500000, 0x0000000705600000|  0%| F|  |TAMS 0x0000000705500000, 0x0000000705500000| Untracked 
|  70|0x0000000705600000, 0x0000000705600000, 0x0000000705700000|  0%| F|  |TAMS 0x0000000705600000, 0x0000000705600000| Untracked 
|  71|0x0000000705700000, 0x0000000705700000, 0x0000000705800000|  0%| F|  |TAMS 0x0000000705700000, 0x0000000705700000| Untracked 
|  72|0x0000000705800000, 0x0000000705800000, 0x0000000705900000|  0%| F|  |TAMS 0x0000000705800000, 0x0000000705800000| Untracked 
|  73|0x0000000705900000, 0x0000000705900000, 0x0000000705a00000|  0%| F|  |TAMS 0x0000000705900000, 0x0000000705900000| Untracked 
|  74|0x0000000705a00000, 0x0000000705a00000, 0x0000000705b00000|  0%| F|  |TAMS 0x0000000705a00000, 0x0000000705a00000| Untracked 
|  75|0x0000000705b00000, 0x0000000705b00000, 0x0000000705c00000|  0%| F|  |TAMS 0x0000000705b00000, 0x0000000705b00000| Untracked 
|  76|0x0000000705c00000, 0x0000000705c00000, 0x0000000705d00000|  0%| F|  |TAMS 0x0000000705c00000, 0x0000000705c00000| Untracked 
|  77|0x0000000705d00000, 0x0000000705d00000, 0x0000000705e00000|  0%| F|  |TAMS 0x0000000705d00000, 0x0000000705d00000| Untracked 
|  78|0x0000000705e00000, 0x0000000705e00000, 0x0000000705f00000|  0%| F|  |TAMS 0x0000000705e00000, 0x0000000705e00000| Untracked 
|  79|0x0000000705f00000, 0x0000000705f00000, 0x0000000706000000|  0%| F|  |TAMS 0x0000000705f00000, 0x0000000705f00000| Untracked 
|  80|0x0000000706000000, 0x0000000706000000, 0x0000000706100000|  0%| F|  |TAMS 0x0000000706000000, 0x0000000706000000| Untracked 
|  81|0x0000000706100000, 0x0000000706100000, 0x0000000706200000|  0%| F|  |TAMS 0x0000000706100000, 0x0000000706100000| Untracked 
|  82|0x0000000706200000, 0x0000000706200000, 0x0000000706300000|  0%| F|  |TAMS 0x0000000706200000, 0x0000000706200000| Untracked 
|  83|0x0000000706300000, 0x0000000706300000, 0x0000000706400000|  0%| F|  |TAMS 0x0000000706300000, 0x0000000706300000| Untracked 
|  84|0x0000000706400000, 0x0000000706400000, 0x0000000706500000|  0%| F|  |TAMS 0x0000000706400000, 0x0000000706400000| Untracked 
|  85|0x0000000706500000, 0x0000000706500000, 0x0000000706600000|  0%| F|  |TAMS 0x0000000706500000, 0x0000000706500000| Untracked 
|  86|0x0000000706600000, 0x0000000706600000, 0x0000000706700000|  0%| F|  |TAMS 0x0000000706600000, 0x0000000706600000| Untracked 
|  87|0x0000000706700000, 0x0000000706700000, 0x0000000706800000|  0%| F|  |TAMS 0x0000000706700000, 0x0000000706700000| Untracked 
|  88|0x0000000706800000, 0x0000000706800000, 0x0000000706900000|  0%| F|  |TAMS 0x0000000706800000, 0x0000000706800000| Untracked 
|  89|0x0000000706900000, 0x0000000706900000, 0x0000000706a00000|  0%| F|  |TAMS 0x0000000706900000, 0x0000000706900000| Untracked 
|  90|0x0000000706a00000, 0x0000000706a00000, 0x0000000706b00000|  0%| F|  |TAMS 0x0000000706a00000, 0x0000000706a00000| Untracked 
|  91|0x0000000706b00000, 0x0000000706b00000, 0x0000000706c00000|  0%| F|  |TAMS 0x0000000706b00000, 0x0000000706b00000| Untracked 
|  92|0x0000000706c00000, 0x0000000706c00000, 0x0000000706d00000|  0%| F|  |TAMS 0x0000000706c00000, 0x0000000706c00000| Untracked 
|  93|0x0000000706d00000, 0x0000000706d00000, 0x0000000706e00000|  0%| F|  |TAMS 0x0000000706d00000, 0x0000000706d00000| Untracked 
|  94|0x0000000706e00000, 0x0000000706e00000, 0x0000000706f00000|  0%| F|  |TAMS 0x0000000706e00000, 0x0000000706e00000| Untracked 
|  95|0x0000000706f00000, 0x0000000706f00000, 0x0000000707000000|  0%| F|  |TAMS 0x0000000706f00000, 0x0000000706f00000| Untracked 
|  96|0x0000000707000000, 0x0000000707000000, 0x0000000707100000|  0%| F|  |TAMS 0x0000000707000000, 0x0000000707000000| Untracked 
|  97|0x0000000707100000, 0x0000000707100000, 0x0000000707200000|  0%| F|  |TAMS 0x0000000707100000, 0x0000000707100000| Untracked 
|  98|0x0000000707200000, 0x0000000707200000, 0x0000000707300000|  0%| F|  |TAMS 0x0000000707200000, 0x0000000707200000| Untracked 
|  99|0x0000000707300000, 0x0000000707300000, 0x0000000707400000|  0%| F|  |TAMS 0x0000000707300000, 0x0000000707300000| Untracked 
| 100|0x0000000707400000, 0x0000000707400000, 0x0000000707500000|  0%| F|  |TAMS 0x0000000707400000, 0x0000000707400000| Untracked 
| 101|0x0000000707500000, 0x0000000707500000, 0x0000000707600000|  0%| F|  |TAMS 0x0000000707500000, 0x0000000707500000| Untracked 
| 102|0x0000000707600000, 0x0000000707600000, 0x0000000707700000|  0%| F|  |TAMS 0x0000000707600000, 0x0000000707600000| Untracked 
| 103|0x0000000707700000, 0x0000000707700000, 0x0000000707800000|  0%| F|  |TAMS 0x0000000707700000, 0x0000000707700000| Untracked 
| 104|0x0000000707800000, 0x0000000707800000, 0x0000000707900000|  0%| F|  |TAMS 0x0000000707800000, 0x0000000707800000| Untracked 
| 105|0x0000000707900000, 0x0000000707900000, 0x0000000707a00000|  0%| F|  |TAMS 0x0000000707900000, 0x0000000707900000| Untracked 
| 106|0x0000000707a00000, 0x0000000707a00000, 0x0000000707b00000|  0%| F|  |TAMS 0x0000000707a00000, 0x0000000707a00000| Untracked 
| 107|0x0000000707b00000, 0x0000000707b00000, 0x0000000707c00000|  0%| F|  |TAMS 0x0000000707b00000, 0x0000000707b00000| Untracked 
| 108|0x0000000707c00000, 0x0000000707c79180, 0x0000000707d00000| 47%| E|  |TAMS 0x0000000707c00000, 0x0000000707c00000| Complete 
| 109|0x0000000707d00000, 0x0000000707e00000, 0x0000000707e00000|100%| E|CS|TAMS 0x0000000707d00000, 0x0000000707d00000| Complete 
| 110|0x0000000707e00000, 0x0000000707f00000, 0x0000000707f00000|100%| E|CS|TAMS 0x0000000707e00000, 0x0000000707e00000| Complete 
| 111|0x0000000707f00000, 0x0000000708000000, 0x0000000708000000|100%| E|CS|TAMS 0x0000000707f00000, 0x0000000707f00000| Complete 
| 112|0x0000000708000000, 0x0000000708100000, 0x0000000708100000|100%| E|CS|TAMS 0x0000000708000000, 0x0000000708000000| Complete 
| 113|0x0000000708100000, 0x0000000708200000, 0x0000000708200000|100%| E|CS|TAMS 0x0000000708100000, 0x0000000708100000| Complete 
| 114|0x0000000708200000, 0x0000000708300000, 0x0000000708300000|100%| E|CS|TAMS 0x0000000708200000, 0x0000000708200000| Complete 
| 115|0x0000000708300000, 0x00000007083ffd30, 0x0000000708400000| 99%| E|  |TAMS 0x0000000708300000, 0x0000000708300000| Complete 
| 116|0x0000000708400000, 0x0000000708500000, 0x0000000708500000|100%| E|CS|TAMS 0x0000000708400000, 0x0000000708400000| Complete 
| 117|0x0000000708500000, 0x0000000708600000, 0x0000000708600000|100%| E|CS|TAMS 0x0000000708500000, 0x0000000708500000| Complete 
| 118|0x0000000708600000, 0x0000000708700000, 0x0000000708700000|100%| E|CS|TAMS 0x0000000708600000, 0x0000000708600000| Complete 
| 119|0x0000000708700000, 0x0000000708800000, 0x0000000708800000|100%| E|CS|TAMS 0x0000000708700000, 0x0000000708700000| Complete 
| 120|0x0000000708800000, 0x0000000708900000, 0x0000000708900000|100%| E|CS|TAMS 0x0000000708800000, 0x0000000708800000| Complete 
| 121|0x0000000708900000, 0x0000000708a00000, 0x0000000708a00000|100%| E|CS|TAMS 0x0000000708900000, 0x0000000708900000| Complete 
| 122|0x0000000708a00000, 0x0000000708b00000, 0x0000000708b00000|100%| E|CS|TAMS 0x0000000708a00000, 0x0000000708a00000| Complete 
| 123|0x0000000708b00000, 0x0000000708c00000, 0x0000000708c00000|100%| E|CS|TAMS 0x0000000708b00000, 0x0000000708b00000| Complete 
| 124|0x0000000708c00000, 0x0000000708d00000, 0x0000000708d00000|100%| E|CS|TAMS 0x0000000708c00000, 0x0000000708c00000| Complete 
| 125|0x0000000708d00000, 0x0000000708e00000, 0x0000000708e00000|100%| E|CS|TAMS 0x0000000708d00000, 0x0000000708d00000| Complete 
| 126|0x0000000708e00000, 0x0000000708f00000, 0x0000000708f00000|100%| E|CS|TAMS 0x0000000708e00000, 0x0000000708e00000| Complete 
| 127|0x0000000708f00000, 0x0000000709000000, 0x0000000709000000|100%| E|CS|TAMS 0x0000000708f00000, 0x0000000708f00000| Complete 
| 128|0x0000000709000000, 0x0000000709100000, 0x0000000709100000|100%| E|CS|TAMS 0x0000000709000000, 0x0000000709000000| Complete 
| 129|0x0000000709100000, 0x0000000709200000, 0x0000000709200000|100%| E|CS|TAMS 0x0000000709100000, 0x0000000709100000| Complete 
| 130|0x0000000709200000, 0x0000000709300000, 0x0000000709300000|100%| E|CS|TAMS 0x0000000709200000, 0x0000000709200000| Complete 
| 131|0x0000000709300000, 0x0000000709400000, 0x0000000709400000|100%| E|CS|TAMS 0x0000000709300000, 0x0000000709300000| Complete 
| 132|0x0000000709400000, 0x0000000709500000, 0x0000000709500000|100%| E|CS|TAMS 0x0000000709400000, 0x0000000709400000| Complete 
| 133|0x0000000709500000, 0x0000000709600000, 0x0000000709600000|100%| E|CS|TAMS 0x0000000709500000, 0x0000000709500000| Complete 
| 134|0x0000000709600000, 0x0000000709700000, 0x0000000709700000|100%| E|CS|TAMS 0x0000000709600000, 0x0000000709600000| Complete 
| 135|0x0000000709700000, 0x0000000709800000, 0x0000000709800000|100%| E|CS|TAMS 0x0000000709700000, 0x0000000709700000| Complete 
| 136|0x0000000709800000, 0x0000000709900000, 0x0000000709900000|100%| E|CS|TAMS 0x0000000709800000, 0x0000000709800000| Complete 
| 137|0x0000000709900000, 0x0000000709a00000, 0x0000000709a00000|100%| E|CS|TAMS 0x0000000709900000, 0x0000000709900000| Complete 
| 138|0x0000000709a00000, 0x0000000709b00000, 0x0000000709b00000|100%| E|CS|TAMS 0x0000000709a00000, 0x0000000709a00000| Complete 
| 139|0x0000000709b00000, 0x0000000709c00000, 0x0000000709c00000|100%| E|CS|TAMS 0x0000000709b00000, 0x0000000709b00000| Complete 
| 140|0x0000000709c00000, 0x0000000709d00000, 0x0000000709d00000|100%| E|CS|TAMS 0x0000000709c00000, 0x0000000709c00000| Complete 
| 141|0x0000000709d00000, 0x0000000709e00000, 0x0000000709e00000|100%| E|CS|TAMS 0x0000000709d00000, 0x0000000709d00000| Complete 
| 142|0x0000000709e00000, 0x0000000709f00000, 0x0000000709f00000|100%| E|CS|TAMS 0x0000000709e00000, 0x0000000709e00000| Complete 
| 246|0x0000000710600000, 0x0000000710700000, 0x0000000710700000|100%| E|CS|TAMS 0x0000000710600000, 0x0000000710600000| Complete 
| 247|0x0000000710700000, 0x0000000710800000, 0x0000000710800000|100%| E|CS|TAMS 0x0000000710700000, 0x0000000710700000| Complete 
| 248|0x0000000710800000, 0x0000000710900000, 0x0000000710900000|100%| E|CS|TAMS 0x0000000710800000, 0x0000000710800000| Complete 
| 249|0x0000000710900000, 0x0000000710a00000, 0x0000000710a00000|100%| E|CS|TAMS 0x0000000710900000, 0x0000000710900000| Complete 
| 250|0x0000000710a00000, 0x0000000710b00000, 0x0000000710b00000|100%| E|CS|TAMS 0x0000000710a00000, 0x0000000710a00000| Complete 
| 254|0x0000000710e00000, 0x0000000710f00000, 0x0000000710f00000|100%| E|CS|TAMS 0x0000000710e00000, 0x0000000710e00000| Complete 
| 255|0x0000000710f00000, 0x0000000711000000, 0x0000000711000000|100%| E|CS|TAMS 0x0000000710f00000, 0x0000000710f00000| Complete 

Card table byte_map: [0x0000026098850000,0x0000026099050000] _byte_map_base: 0x0000026095048000

Marking Bits (Prev, Next): (CMBitMap*) 0x00000260ffb34ff8, (CMBitMap*) 0x00000260ffb34fb8
 Prev Bits: [0x000002609d810000, 0x00000260a17d0000)
 Next Bits: [0x0000026099850000, 0x000002609d810000)

Polling page: 0x00000260fd9e0000

Metaspace:

Usage:
  Non-class:     28.00 MB capacity,    27.39 MB ( 98%) used,   495.06 KB (  2%) free+waste,   126.25 KB ( <1%) overhead. 
      Class:      4.55 MB capacity,     4.10 MB ( 90%) used,   389.02 KB (  8%) free+waste,    66.69 KB (  1%) overhead. 
       Both:     32.55 MB capacity,    31.49 MB ( 97%) used,   884.09 KB (  3%) free+waste,   192.94 KB ( <1%) overhead. 

Virtual space:
  Non-class space:       30.00 MB reserved,      28.17 MB ( 94%) committed 
      Class space:        1.00 GB reserved,       4.57 MB ( <1%) committed 
             Both:        1.03 GB reserved,      32.75 MB (  3%) committed 

Chunk freelists:
   Non-Class:  48.00 KB
       Class:  0 bytes
        Both:  48.00 KB

MaxMetaspaceSize: 17179869184.00 GB
CompressedClassSpaceSize: 1.00 GB

CodeHeap 'non-profiled nmethods': size=119168Kb used=2082Kb max_used=2082Kb free=117085Kb
 bounds [0x0000026090260000, 0x00000260904d0000, 0x00000260976c0000]
CodeHeap 'profiled nmethods': size=119104Kb used=8635Kb max_used=8635Kb free=110468Kb
 bounds [0x0000026088e10000, 0x0000026089680000, 0x0000026090260000]
CodeHeap 'non-nmethods': size=7488Kb used=3319Kb max_used=3350Kb free=4168Kb
 bounds [0x00000260886c0000, 0x0000026088a10000, 0x0000026088e10000]
 total_blobs=6596 nmethods=4320 adapters=920
 compilation: enabled
              stopped_count=0, restarted_count=0
 full_count=0

Compilation events (20 events):
Event: 3.322 Thread 0x00000260f77e7000 4296       4       com.sun.javafx.font.directwrite.DWFontStrike::getQuantizedPosition (151 bytes)
Event: 3.323 Thread 0x00000260f77e7000 nmethod 4296 0x000002609045f210 code [0x000002609045f420, 0x000002609045f6f8]
Event: 3.323 Thread 0x00000260f77e7000 4297       4       com.sun.javafx.font.PrismFontStrike::getQuantizedPosition (56 bytes)
Event: 3.323 Thread 0x00000260a59b4000 4303       1       com.sun.javafx.tk.quantum.SceneState::getScene (5 bytes)
Event: 3.323 Thread 0x00000260a59b4000 nmethod 4303 0x000002609045f890 code [0x000002609045fa20, 0x000002609045faf8]
Event: 3.323 Thread 0x00000260a57fa000 4305       3       com.sun.javafx.geom.transform.Identity::getDegree (4 bytes)
Event: 3.323 Thread 0x00000260a59b4000 4306       3       java.lang.invoke.VarHandleGuards::guard_LL_L (74 bytes)
Event: 3.323 Thread 0x00000260a59b5000 4307       3       java.lang.invoke.VarHandleReferences$FieldInstanceReadWrite::getAndSet (30 bytes)
Event: 3.323 Thread 0x00000260a57fa000 nmethod 4305 0x0000026089672510 code [0x00000260896726a0, 0x00000260896727d8]
Event: 3.323 Thread 0x00000260f77e7000 nmethod 4297 0x000002609045fb90 code [0x000002609045fd80, 0x0000026090460018]
Event: 3.323 Thread 0x00000260f77e7000 4300       4       java.lang.StringConcatHelper::stringOf (20 bytes)
Event: 3.324 Thread 0x00000260a59b5000 nmethod 4307 0x0000026089672890 code [0x0000026089672ac0, 0x0000026089673228]
Event: 3.324 Thread 0x00000260f77e7000 nmethod 4300 0x0000026090460190 code [0x0000026090460320, 0x00000260904603b8]
Event: 3.324 Thread 0x00000260f77e7000 4299       4       com.sun.prism.impl.VertexBuffer::ensureCapacityForQuad (38 bytes)
Event: 3.324 Thread 0x00000260a59b4000 nmethod 4306 0x0000026089673510 code [0x00000260896737e0, 0x0000026089674cc8]
Event: 3.324 Thread 0x00000260f77e7000 nmethod 4299 0x0000026090460490 code [0x0000026090460620, 0x00000260904606d8]
Event: 3.324 Thread 0x00000260f77e7000 4304       4       com.sun.javafx.geom.RectBounds::getBoundsType (4 bytes)
Event: 3.324 Thread 0x00000260f77e7000 nmethod 4304 0x0000026090460790 code [0x0000026090460900, 0x0000026090460978]
Event: 3.324 Thread 0x00000260a592a000 4308       3       com.sun.javafx.geom.Path2D::transform (218 bytes)
Event: 3.325 Thread 0x00000260a592a000 nmethod 4308 0x0000026089675290 code [0x0000026089675460, 0x0000026089675978]

GC Heap History (12 events):
Event: 0.485 GC heap before
{Heap before GC invocations=0 (full 0):
 garbage-first heap   total 262144K, used 22528K [0x0000000701000000, 0x0000000800000000)
  region size 1024K, 23 young (23552K), 0 survivors (0K)
 Metaspace       used 8680K, capacity 9151K, committed 9472K, reserved 1056768K
  class space    used 1005K, capacity 1173K, committed 1280K, reserved 1048576K
}
Event: 0.489 GC heap after
{Heap after GC invocations=1 (full 0):
 garbage-first heap   total 262144K, used 5572K [0x0000000701000000, 0x0000000800000000)
  region size 1024K, 3 young (3072K), 3 survivors (3072K)
 Metaspace       used 8680K, capacity 9151K, committed 9472K, reserved 1056768K
  class space    used 1005K, capacity 1173K, committed 1280K, reserved 1048576K
}
Event: 0.930 GC heap before
{Heap before GC invocations=1 (full 0):
 garbage-first heap   total 262144K, used 34244K [0x0000000701000000, 0x0000000800000000)
  region size 1024K, 31 young (31744K), 3 survivors (3072K)
 Metaspace       used 18917K, capacity 19480K, committed 19712K, reserved 1067008K
  class space    used 2450K, capacity 2705K, committed 2816K, reserved 1048576K
}
Event: 0.933 GC heap after
{Heap after GC invocations=2 (full 0):
 garbage-first heap   total 262144K, used 9486K [0x0000000701000000, 0x0000000800000000)
  region size 1024K, 4 young (4096K), 4 survivors (4096K)
 Metaspace       used 18917K, capacity 19480K, committed 19712K, reserved 1067008K
  class space    used 2450K, capacity 2705K, committed 2816K, reserved 1048576K
}
Event: 1.006 GC heap before
{Heap before GC invocations=2 (full 0):
 garbage-first heap   total 262144K, used 13582K [0x0000000701000000, 0x0000000800000000)
  region size 1024K, 9 young (9216K), 4 survivors (4096K)
 Metaspace       used 20586K, capacity 21185K, committed 21296K, reserved 1067008K
  class space    used 2639K, capacity 2911K, committed 2944K, reserved 1048576K
}
Event: 1.009 GC heap after
{Heap after GC invocations=3 (full 0):
 garbage-first heap   total 262144K, used 10323K [0x0000000701000000, 0x0000000800000000)
  region size 1024K, 5 young (5120K), 5 survivors (5120K)
 Metaspace       used 20586K, capacity 21185K, committed 21296K, reserved 1067008K
  class space    used 2639K, capacity 2911K, committed 2944K, reserved 1048576K
}
Event: 1.249 GC heap before
{Heap before GC invocations=4 (full 0):
 garbage-first heap   total 45056K, used 33875K [0x0000000701000000, 0x0000000800000000)
  region size 1024K, 28 young (28672K), 5 survivors (5120K)
 Metaspace       used 27052K, capacity 27988K, committed 28284K, reserved 1073152K
  class space    used 3560K, capacity 3943K, committed 4044K, reserved 1048576K
}
Event: 1.254 GC heap after
{Heap after GC invocations=5 (full 0):
 garbage-first heap   total 45056K, used 12530K [0x0000000701000000, 0x0000000800000000)
  region size 1024K, 4 young (4096K), 4 survivors (4096K)
 Metaspace       used 27052K, capacity 27988K, committed 28284K, reserved 1073152K
  class space    used 3560K, capacity 3943K, committed 4044K, reserved 1048576K
}
Event: 1.434 GC heap before
{Heap before GC invocations=5 (full 0):
 garbage-first heap   total 45056K, used 27890K [0x0000000701000000, 0x0000000800000000)
  region size 1024K, 20 young (20480K), 4 survivors (4096K)
 Metaspace       used 29284K, capacity 30288K, committed 30332K, reserved 1075200K
  class space    used 3833K, capacity 4268K, committed 4300K, reserved 1048576K
}
Event: 1.436 GC heap after
{Heap after GC invocations=6 (full 0):
 garbage-first heap   total 45056K, used 14852K [0x0000000701000000, 0x0000000800000000)
  region size 1024K, 3 young (3072K), 3 survivors (3072K)
 Metaspace       used 29284K, capacity 30288K, committed 30332K, reserved 1075200K
  class space    used 3833K, capacity 4268K, committed 4300K, reserved 1048576K
}
Event: 1.746 GC heap before
{Heap before GC invocations=6 (full 0):
 garbage-first heap   total 45056K, used 31236K [0x0000000701000000, 0x0000000800000000)
  region size 1024K, 18 young (18432K), 3 survivors (3072K)
 Metaspace       used 30836K, capacity 31914K, committed 32124K, reserved 1077248K
  class space    used 3987K, capacity 4425K, committed 4556K, reserved 1048576K
}
Event: 1.749 GC heap after
{Heap after GC invocations=7 (full 0):
 garbage-first heap   total 153600K, used 18722K [0x0000000701000000, 0x0000000800000000)
  region size 1024K, 3 young (3072K), 3 survivors (3072K)
 Metaspace       used 30836K, capacity 31914K, committed 32124K, reserved 1077248K
  class space    used 3987K, capacity 4425K, committed 4556K, reserved 1048576K
}

Deoptimization events (20 events):
Event: 3.313 Thread 0x00000260a73d2000 DEOPT PACKING pc=0x00000260895cb3f0 sp=0x000000abe0efdd50
Event: 3.313 Thread 0x00000260a73d2000 DEOPT UNPACKING pc=0x000002608870964e sp=0x000000abe0efd1a8 mode 0
Event: 3.314 Thread 0x00000260a73d2000 DEOPT PACKING pc=0x00000260895cb3f0 sp=0x000000abe0efdd50
Event: 3.314 Thread 0x00000260a73d2000 DEOPT UNPACKING pc=0x000002608870964e sp=0x000000abe0efd1a8 mode 0
Event: 3.315 Thread 0x00000260a73d2000 DEOPT PACKING pc=0x00000260895cb3f0 sp=0x000000abe0efdd50
Event: 3.315 Thread 0x00000260a73d2000 DEOPT UNPACKING pc=0x000002608870964e sp=0x000000abe0efd1a8 mode 0
Event: 3.316 Thread 0x00000260a73d2000 DEOPT PACKING pc=0x00000260895cb3f0 sp=0x000000abe0efdd50
Event: 3.316 Thread 0x00000260a73d2000 DEOPT UNPACKING pc=0x000002608870964e sp=0x000000abe0efd1a8 mode 0
Event: 3.318 Thread 0x00000260a73d2000 DEOPT PACKING pc=0x00000260895cb3f0 sp=0x000000abe0efdd50
Event: 3.318 Thread 0x00000260a73d2000 DEOPT UNPACKING pc=0x000002608870964e sp=0x000000abe0efd1a8 mode 0
Event: 3.321 Thread 0x00000260a73d2000 DEOPT PACKING pc=0x00000260895cb3f0 sp=0x000000abe0efd440
Event: 3.321 Thread 0x00000260a73d2000 DEOPT UNPACKING pc=0x000002608870964e sp=0x000000abe0efc898 mode 0
Event: 3.321 Thread 0x00000260a73d2000 DEOPT PACKING pc=0x00000260895cb3f0 sp=0x000000abe0efd440
Event: 3.321 Thread 0x00000260a73d2000 DEOPT UNPACKING pc=0x000002608870964e sp=0x000000abe0efc898 mode 0
Event: 3.322 Thread 0x00000260a73d2000 DEOPT PACKING pc=0x00000260895cb3f0 sp=0x000000abe0efd440
Event: 3.322 Thread 0x00000260a73d2000 DEOPT UNPACKING pc=0x000002608870964e sp=0x000000abe0efc898 mode 0
Event: 3.325 Thread 0x00000260a73d2000 DEOPT PACKING pc=0x00000260895cb3f0 sp=0x000000abe0efdd50
Event: 3.325 Thread 0x00000260a73d2000 DEOPT UNPACKING pc=0x000002608870964e sp=0x000000abe0efd1a8 mode 0
Event: 3.325 Thread 0x00000260a73d2000 DEOPT PACKING pc=0x00000260895cb3f0 sp=0x000000abe0efdd50
Event: 3.325 Thread 0x00000260a73d2000 DEOPT UNPACKING pc=0x000002608870964e sp=0x000000abe0efd1a8 mode 0

Classes unloaded (0 events):
No events

Classes redefined (0 events):
No events

Internal exceptions (20 events):
Event: 1.207 Thread 0x00000260a73cf000 Exception <a 'java/lang/NoSuchMethodError'{0x0000000702685620}: 'java.lang.Object java.lang.invoke.DirectMethodHandle$Holder.invokeSpecial(java.lang.Object, java.lang.Object, int, int, int, int)'> (0x0000000702685620) 
thrown [./open/src/hotspot/share/interpreter/linkResolver.cpp, line 766]
Event: 1.207 Thread 0x00000260a73cf000 Exception <a 'java/lang/NoSuchMethodError'{0x00000007026881e8}: 'java.lang.Object java.lang.invoke.Invokers$Holder.linkToTargetMethod(int, int, int, int, java.lang.Object)'> (0x00000007026881e8) 
thrown [./open/src/hotspot/share/interpreter/linkResolver.cpp, line 766]
Event: 1.217 Thread 0x00000260a73cf000 Exception <a 'java/lang/NoSuchMethodError'{0x00000007025c09a0}: 'java.lang.Object java.lang.invoke.DirectMethodHandle$Holder.invokeSpecial(java.lang.Object, java.lang.Object, long, long, int, int, java.lang.Object, java.lang.Object, int)'> (0x00000007025c09a0) 
thrown [./open/src/hotspot/share/interpreter/linkResolver.cpp, line 766]
Event: 1.218 Thread 0x00000260a73cf000 Exception <a 'java/lang/NoSuchMethodError'{0x00000007025c3b60}: 'java.lang.Object java.lang.invoke.DelegatingMethodHandle$Holder.reinvoke_L(java.lang.Object, long, long, int, int, java.lang.Object, java.lang.Object, int)'> (0x00000007025c3b60) 
thrown [./open/src/hotspot/share/interpreter/linkResolver.cpp, line 766]
Event: 1.219 Thread 0x00000260a73cf000 Exception <a 'sun/nio/fs/WindowsException'{0x00000007025d7f98}> (0x00000007025d7f98) 
thrown [./open/src/hotspot/share/prims/jni.cpp, line 599]
Event: 1.220 Thread 0x00000260a73cf000 Exception <a 'sun/nio/fs/WindowsException'{0x00000007025e37d0}> (0x00000007025e37d0) 
thrown [./open/src/hotspot/share/prims/jni.cpp, line 599]
Event: 1.221 Thread 0x00000260a73cf000 Exception <a 'sun/nio/fs/WindowsException'{0x0000000702370450}> (0x0000000702370450) 
thrown [./open/src/hotspot/share/prims/jni.cpp, line 599]
Event: 1.221 Thread 0x00000260a73cf000 Exception <a 'sun/nio/fs/WindowsException'{0x0000000702379078}> (0x0000000702379078) 
thrown [./open/src/hotspot/share/prims/jni.cpp, line 599]
Event: 1.224 Thread 0x00000260a73cf000 Exception <a 'sun/nio/fs/WindowsException'{0x0000000702383878}> (0x0000000702383878) 
thrown [./open/src/hotspot/share/prims/jni.cpp, line 599]
Event: 1.225 Thread 0x00000260a73cf000 Exception <a 'sun/nio/fs/WindowsException'{0x000000070238db50}> (0x000000070238db50) 
thrown [./open/src/hotspot/share/prims/jni.cpp, line 599]
Event: 1.226 Thread 0x00000260a73cf000 Exception <a 'sun/nio/fs/WindowsException'{0x0000000702399598}> (0x0000000702399598) 
thrown [./open/src/hotspot/share/prims/jni.cpp, line 599]
Event: 1.226 Thread 0x00000260a73cf000 Exception <a 'sun/nio/fs/WindowsException'{0x00000007023a3840}> (0x00000007023a3840) 
thrown [./open/src/hotspot/share/prims/jni.cpp, line 599]
Event: 1.237 Thread 0x00000260a7b29000 Exception <a 'java/lang/NoSuchMethodError'{0x00000007021dbe90}: 'java.lang.Object java.lang.invoke.DirectMethodHandle$Holder.invokeStatic(java.lang.Object, java.lang.Object, int, int)'> (0x00000007021dbe90) 
thrown [./open/src/hotspot/share/interpreter/linkResolver.cpp, line 766]
Event: 1.238 Thread 0x00000260a7b29000 Exception <a 'java/lang/NoSuchMethodError'{0x00000007021e1e88}: 'java.lang.Object java.lang.invoke.Invokers$Holder.linkToTargetMethod(java.lang.Object, int, int, java.lang.Object)'> (0x00000007021e1e88) 
thrown [./open/src/hotspot/share/interpreter/linkResolver.cpp, line 766]
Event: 1.293 Thread 0x00000260a73cf000 Exception <a 'java/lang/NoSuchMethodError'{0x0000000710ff5760}: 'void java.lang.invoke.DirectMethodHandle$Holder.invokeSpecial(java.lang.Object, java.lang.Object, int)'> (0x0000000710ff5760) 
thrown [./open/src/hotspot/share/interpreter/linkResolver.cpp, line 766]
Event: 1.370 Thread 0x00000260a73cf000 Exception <a 'java/lang/NoSuchMethodError'{0x0000000710784e98}: 'java.lang.Object java.lang.invoke.Invokers$Holder.invokeExact_MT(java.lang.Object, java.lang.Object, java.lang.Object, java.lang.Object, java.lang.Object, java.lang.Object)'> (0x0000000710784e98) 
thrown [./open/src/hotspot/share/interpreter/linkResolver.cpp, line 766]
Event: 1.447 Thread 0x00000260a7b32000 Exception <a 'java/lang/NoSuchMethodError'{0x0000000710ac4a40}: 'void java.lang.invoke.DirectMethodHandle$Holder.invokeSpecial(java.lang.Object, java.lang.Object, java.lang.Object, java.lang.Object, java.lang.Object, java.lang.Object, java.lang.Object)'> (0x0000000710ac4a40) 
thrown [./open/src/hotspot/share/interpreter/linkResolver.cpp, line 766]
Event: 1.502 Thread 0x00000260a73d2000 Exception <a 'java/lang/NoSuchMethodError'{0x0000000703179ad0}: 'java.lang.Object java.lang.invoke.DirectMethodHandle$Holder.invokeStaticInit(java.lang.Object, int)'> (0x0000000703179ad0) 
thrown [./open/src/hotspot/share/interpreter/linkResolver.cpp, line 766]
Event: 1.850 Thread 0x00000260a73cf000 Exception <a 'sun/nio/fs/WindowsException'{0x00000007081f63b0}> (0x00000007081f63b0) 
thrown [./open/src/hotspot/share/prims/jni.cpp, line 599]
Event: 1.850 Thread 0x00000260a73cf000 Exception <a 'sun/nio/fs/WindowsException'{0x00000007083fc150}> (0x00000007083fc150) 
thrown [./open/src/hotspot/share/prims/jni.cpp, line 599]

Events (20 events):
Event: 2.311 loading class sun/text/bidi/BidiRun
Event: 2.311 loading class sun/text/bidi/BidiRun done
Event: 2.311 loading class sun/text/bidi/BidiBase$InsertPoints
Event: 2.311 loading class sun/text/bidi/BidiBase$InsertPoints done
Event: 2.311 loading class sun/text/bidi/BidiBase$Point
Event: 2.311 loading class sun/text/bidi/BidiBase$Point done
Event: 2.311 loading class sun/text/normalizer/UBiDiProps
Event: 2.311 loading class sun/text/normalizer/UBiDiProps done
Event: 2.312 loading class sun/text/normalizer/UBiDiProps$IsAcceptable
Event: 2.312 loading class sun/text/normalizer/UBiDiProps$IsAcceptable done
Event: 2.312 loading class sun/text/normalizer/UTF16
Event: 2.313 loading class sun/text/normalizer/UTF16 done
Event: 2.313 loading class sun/text/bidi/BidiLine
Event: 2.313 loading class sun/text/bidi/BidiLine done
Event: 3.299 Executing VM operation: HandshakeOneThread
Event: 3.299 Executing VM operation: HandshakeOneThread done
Event: 3.317 Thread 0x00000260f77e8800 Thread added: 0x00000260f77e8800
Event: 3.317 Thread 0x00000260f77e7000 Thread added: 0x00000260f77e7000
Event: 3.323 Executing VM operation: HandshakeOneThread
Event: 3.323 Executing VM operation: HandshakeOneThread done


Dynamic libraries:
0x00007ff7f49d0000 - 0x00007ff7f49dd000 	C:\Users\Werwolf2303\.jdks\openjdk-14.0.1\bin\java.exe
0x00007ffec5bc0000 - 0x00007ffec5dc7000 	C:\WINDOWS\SYSTEM32\ntdll.dll
0x00007ffec40d0000 - 0x00007ffec418d000 	C:\WINDOWS\System32\KERNEL32.DLL
0x00007ffec34c0000 - 0x00007ffec3834000 	C:\WINDOWS\System32\KERNELBASE.dll
0x00007ffec02c0000 - 0x00007ffec0351000 	C:\WINDOWS\SYSTEM32\apphelp.dll
0x00007ffec3930000 - 0x00007ffec3a41000 	C:\WINDOWS\System32\ucrtbase.dll
0x00007ffeb4760000 - 0x00007ffeb4778000 	C:\Users\Werwolf2303\.jdks\openjdk-14.0.1\bin\jli.dll
0x00007ffeb4600000 - 0x00007ffeb4615000 	C:\Users\Werwolf2303\.jdks\openjdk-14.0.1\bin\VCRUNTIME140.dll
0x00007ffec4f80000 - 0x00007ffec512c000 	C:\WINDOWS\System32\USER32.dll
0x00007ffec3320000 - 0x00007ffec3346000 	C:\WINDOWS\System32\win32u.dll
0x00007ffeabb90000 - 0x00007ffeabe35000 	C:\WINDOWS\WinSxS\amd64_microsoft.windows.common-controls_6595b64144ccf1df_6.0.22000.120_none_9d947278b86cc467\COMCTL32.dll
0x00007ffec3a50000 - 0x00007ffec3a79000 	C:\WINDOWS\System32\GDI32.dll
0x00007ffec43c0000 - 0x00007ffec4463000 	C:\WINDOWS\System32\msvcrt.dll
0x00007ffec3140000 - 0x00007ffec3252000 	C:\WINDOWS\System32\gdi32full.dll
0x00007ffec30a0000 - 0x00007ffec313d000 	C:\WINDOWS\System32\msvcp_win.dll
0x00007ffec3da0000 - 0x00007ffec3dd1000 	C:\WINDOWS\System32\IMM32.DLL
0x00007ffeb4070000 - 0x00007ffeb410b000 	C:\Users\Werwolf2303\.jdks\openjdk-14.0.1\bin\msvcp140.dll
0x00007ffe308f0000 - 0x00007ffe3140e000 	C:\Users\Werwolf2303\.jdks\openjdk-14.0.1\bin\server\jvm.dll
0x00007ffec4220000 - 0x00007ffec42cc000 	C:\WINDOWS\System32\ADVAPI32.dll
0x00007ffec42d0000 - 0x00007ffec436d000 	C:\WINDOWS\System32\sechost.dll
0x00007ffec4de0000 - 0x00007ffec4f01000 	C:\WINDOWS\System32\RPCRT4.dll
0x00007ffec4060000 - 0x00007ffec4068000 	C:\WINDOWS\System32\PSAPI.DLL
0x00007ffeba3c0000 - 0x00007ffeba3f3000 	C:\WINDOWS\SYSTEM32\WINMM.dll
0x00007ffea8650000 - 0x00007ffea8659000 	C:\WINDOWS\SYSTEM32\WSOCK32.dll
0x00007ffebc5b0000 - 0x00007ffebc5ba000 	C:\WINDOWS\SYSTEM32\VERSION.dll
0x00007ffec5230000 - 0x00007ffec529f000 	C:\WINDOWS\System32\WS2_32.dll
0x00007ffec2190000 - 0x00007ffec21a8000 	C:\WINDOWS\SYSTEM32\kernel.appcore.dll
0x00007ffeb5b70000 - 0x00007ffeb5b7a000 	C:\Users\Werwolf2303\.jdks\openjdk-14.0.1\bin\jimage.dll
0x00007ffeba0b0000 - 0x00007ffeba2d1000 	C:\WINDOWS\SYSTEM32\DBGHELP.DLL
0x00007ffea8570000 - 0x00007ffea85a1000 	C:\WINDOWS\SYSTEM32\dbgcore.DLL
0x00007ffec38b0000 - 0x00007ffec3930000 	C:\WINDOWS\System32\bcryptPrimitives.dll
0x00007ffeb4e30000 - 0x00007ffeb4e3e000 	C:\Users\Werwolf2303\.jdks\openjdk-14.0.1\bin\instrument.dll
0x00007ffeb44a0000 - 0x00007ffeb44c5000 	C:\Users\Werwolf2303\.jdks\openjdk-14.0.1\bin\java.dll
0x00007ffeb45e0000 - 0x00007ffeb45f6000 	C:\Users\Werwolf2303\.jdks\openjdk-14.0.1\bin\zip.dll
0x00007ffec4470000 - 0x00007ffec4c19000 	C:\WINDOWS\System32\SHELL32.dll
0x00007ffec11e0000 - 0x00007ffec1a42000 	C:\WINDOWS\SYSTEM32\windows.storage.dll
0x00007ffec52a0000 - 0x00007ffec5618000 	C:\WINDOWS\System32\combase.dll
0x00007ffec1070000 - 0x00007ffec11d6000 	C:\WINDOWS\SYSTEM32\wintypes.dll
0x00007ffec3e90000 - 0x00007ffec3f7a000 	C:\WINDOWS\System32\SHCORE.dll
0x00007ffec5b20000 - 0x00007ffec5b7d000 	C:\WINDOWS\System32\shlwapi.dll
0x00007ffec2fd0000 - 0x00007ffec2ff1000 	C:\WINDOWS\SYSTEM32\profapi.dll
0x00007ffeb3ac0000 - 0x00007ffeb3ad9000 	C:\Users\Werwolf2303\.jdks\openjdk-14.0.1\bin\net.dll
0x00007ffebbfb0000 - 0x00007ffebc0bc000 	C:\WINDOWS\SYSTEM32\WINHTTP.dll
0x00007ffec25a0000 - 0x00007ffec2607000 	C:\WINDOWS\system32\mswsock.dll
0x00007ffeb3aa0000 - 0x00007ffeb3ab2000 	C:\Users\Werwolf2303\.jdks\openjdk-14.0.1\bin\nio.dll
0x00007ffeb4550000 - 0x00007ffeb4560000 	C:\Users\Werwolf2303\.jdks\openjdk-14.0.1\bin\verify.dll
0x00007ffeb3470000 - 0x00007ffeb348a000 	C:\Program Files\JetBrains\IntelliJ IDEA Community Edition 2020.1.1\bin\breakgen64.dll
0x00007ffe8a170000 - 0x00007ffe8a307000 	C:\Users\Werwolf2303\.jdks\openjdk-14.0.1\bin\awt.dll
0x00007ffec3f80000 - 0x00007ffec4056000 	C:\WINDOWS\System32\OLEAUT32.dll
0x00007ffec0810000 - 0x00007ffec083f000 	C:\WINDOWS\system32\DWMAPI.DLL
0x00007ffec0440000 - 0x00007ffec04ec000 	C:\WINDOWS\system32\uxtheme.dll
0x00007ffec3c80000 - 0x00007ffec3d9e000 	C:\WINDOWS\System32\MSCTF.dll
0x00007ffec3a80000 - 0x00007ffec3c1a000 	C:\WINDOWS\System32\ole32.dll
0x00000260a84f0000 - 0x00000260a84f3000 	D:\Nukkit Downloads\openjfx-17.0.0.1_windows-x64_bin-sdk\javafx-sdk-17.0.0.1\bin\api-ms-win-core-console-l1-1-0.dll
0x00000260a8500000 - 0x00000260a8503000 	D:\Nukkit Downloads\openjfx-17.0.0.1_windows-x64_bin-sdk\javafx-sdk-17.0.0.1\bin\api-ms-win-core-console-l1-2-0.dll
0x00000260a8510000 - 0x00000260a8513000 	D:\Nukkit Downloads\openjfx-17.0.0.1_windows-x64_bin-sdk\javafx-sdk-17.0.0.1\bin\api-ms-win-core-datetime-l1-1-0.dll
0x00000260a8520000 - 0x00000260a8523000 	D:\Nukkit Downloads\openjfx-17.0.0.1_windows-x64_bin-sdk\javafx-sdk-17.0.0.1\bin\api-ms-win-core-debug-l1-1-0.dll
0x00000260a8530000 - 0x00000260a8533000 	D:\Nukkit Downloads\openjfx-17.0.0.1_windows-x64_bin-sdk\javafx-sdk-17.0.0.1\bin\api-ms-win-core-errorhandling-l1-1-0.dll
0x00000260a8540000 - 0x00000260a8544000 	D:\Nukkit Downloads\openjfx-17.0.0.1_windows-x64_bin-sdk\javafx-sdk-17.0.0.1\bin\api-ms-win-core-file-l1-1-0.dll
0x00000260a8550000 - 0x00000260a8553000 	D:\Nukkit Downloads\openjfx-17.0.0.1_windows-x64_bin-sdk\javafx-sdk-17.0.0.1\bin\api-ms-win-core-file-l1-2-0.dll
0x00000260a8560000 - 0x00000260a8563000 	D:\Nukkit Downloads\openjfx-17.0.0.1_windows-x64_bin-sdk\javafx-sdk-17.0.0.1\bin\api-ms-win-core-file-l2-1-0.dll
0x00000260a8570000 - 0x00000260a8573000 	D:\Nukkit Downloads\openjfx-17.0.0.1_windows-x64_bin-sdk\javafx-sdk-17.0.0.1\bin\api-ms-win-core-handle-l1-1-0.dll
0x00000260a8580000 - 0x00000260a8583000 	D:\Nukkit Downloads\openjfx-17.0.0.1_windows-x64_bin-sdk\javafx-sdk-17.0.0.1\bin\api-ms-win-core-heap-l1-1-0.dll
0x00000260a8590000 - 0x00000260a8593000 	D:\Nukkit Downloads\openjfx-17.0.0.1_windows-x64_bin-sdk\javafx-sdk-17.0.0.1\bin\api-ms-win-core-interlocked-l1-1-0.dll
0x00000260a85a0000 - 0x00000260a85a3000 	D:\Nukkit Downloads\openjfx-17.0.0.1_windows-x64_bin-sdk\javafx-sdk-17.0.0.1\bin\api-ms-win-core-libraryloader-l1-1-0.dll
0x00000260a85b0000 - 0x00000260a85b3000 	D:\Nukkit Downloads\openjfx-17.0.0.1_windows-x64_bin-sdk\javafx-sdk-17.0.0.1\bin\api-ms-win-core-localization-l1-2-0.dll
0x00000260a85c0000 - 0x00000260a85c3000 	D:\Nukkit Downloads\openjfx-17.0.0.1_windows-x64_bin-sdk\javafx-sdk-17.0.0.1\bin\api-ms-win-core-memory-l1-1-0.dll
0x00000260a85d0000 - 0x00000260a85d3000 	D:\Nukkit Downloads\openjfx-17.0.0.1_windows-x64_bin-sdk\javafx-sdk-17.0.0.1\bin\api-ms-win-core-namedpipe-l1-1-0.dll
0x00000260a85e0000 - 0x00000260a85e3000 	D:\Nukkit Downloads\openjfx-17.0.0.1_windows-x64_bin-sdk\javafx-sdk-17.0.0.1\bin\api-ms-win-core-processenvironment-l1-1-0.dll
0x00000260a85f0000 - 0x00000260a85f3000 	D:\Nukkit Downloads\openjfx-17.0.0.1_windows-x64_bin-sdk\javafx-sdk-17.0.0.1\bin\api-ms-win-core-processthreads-l1-1-0.dll
0x00000260a8600000 - 0x00000260a8603000 	D:\Nukkit Downloads\openjfx-17.0.0.1_windows-x64_bin-sdk\javafx-sdk-17.0.0.1\bin\api-ms-win-core-processthreads-l1-1-1.dll
0x00000260a8610000 - 0x00000260a8613000 	D:\Nukkit Downloads\openjfx-17.0.0.1_windows-x64_bin-sdk\javafx-sdk-17.0.0.1\bin\api-ms-win-core-profile-l1-1-0.dll
0x00000260a8620000 - 0x00000260a8623000 	D:\Nukkit Downloads\openjfx-17.0.0.1_windows-x64_bin-sdk\javafx-sdk-17.0.0.1\bin\api-ms-win-core-rtlsupport-l1-1-0.dll
0x00000260a8660000 - 0x00000260a8663000 	D:\Nukkit Downloads\openjfx-17.0.0.1_windows-x64_bin-sdk\javafx-sdk-17.0.0.1\bin\api-ms-win-core-string-l1-1-0.dll
0x00000260a8670000 - 0x00000260a8673000 	D:\Nukkit Downloads\openjfx-17.0.0.1_windows-x64_bin-sdk\javafx-sdk-17.0.0.1\bin\api-ms-win-core-synch-l1-1-0.dll
0x00000260a88e0000 - 0x00000260a88e3000 	D:\Nukkit Downloads\openjfx-17.0.0.1_windows-x64_bin-sdk\javafx-sdk-17.0.0.1\bin\api-ms-win-core-synch-l1-2-0.dll
0x00000260a88f0000 - 0x00000260a88f3000 	D:\Nukkit Downloads\openjfx-17.0.0.1_windows-x64_bin-sdk\javafx-sdk-17.0.0.1\bin\api-ms-win-core-sysinfo-l1-1-0.dll
0x00000260a8900000 - 0x00000260a8903000 	D:\Nukkit Downloads\openjfx-17.0.0.1_windows-x64_bin-sdk\javafx-sdk-17.0.0.1\bin\api-ms-win-core-timezone-l1-1-0.dll
0x00000260a8910000 - 0x00000260a8913000 	D:\Nukkit Downloads\openjfx-17.0.0.1_windows-x64_bin-sdk\javafx-sdk-17.0.0.1\bin\api-ms-win-core-util-l1-1-0.dll
0x00000260a8920000 - 0x00000260a8923000 	D:\Nukkit Downloads\openjfx-17.0.0.1_windows-x64_bin-sdk\javafx-sdk-17.0.0.1\bin\api-ms-win-crt-conio-l1-1-0.dll
0x00000260a8930000 - 0x00000260a8934000 	D:\Nukkit Downloads\openjfx-17.0.0.1_windows-x64_bin-sdk\javafx-sdk-17.0.0.1\bin\api-ms-win-crt-convert-l1-1-0.dll
0x00000260a8940000 - 0x00000260a8943000 	D:\Nukkit Downloads\openjfx-17.0.0.1_windows-x64_bin-sdk\javafx-sdk-17.0.0.1\bin\api-ms-win-crt-environment-l1-1-0.dll
0x00000260a8950000 - 0x00000260a8953000 	D:\Nukkit Downloads\openjfx-17.0.0.1_windows-x64_bin-sdk\javafx-sdk-17.0.0.1\bin\api-ms-win-crt-filesystem-l1-1-0.dll
0x00000260a8960000 - 0x00000260a8963000 	D:\Nukkit Downloads\openjfx-17.0.0.1_windows-x64_bin-sdk\javafx-sdk-17.0.0.1\bin\api-ms-win-crt-heap-l1-1-0.dll
0x00000260a8970000 - 0x00000260a8973000 	D:\Nukkit Downloads\openjfx-17.0.0.1_windows-x64_bin-sdk\javafx-sdk-17.0.0.1\bin\api-ms-win-crt-locale-l1-1-0.dll
0x00000260a8980000 - 0x00000260a8985000 	D:\Nukkit Downloads\openjfx-17.0.0.1_windows-x64_bin-sdk\javafx-sdk-17.0.0.1\bin\api-ms-win-crt-math-l1-1-0.dll
0x00000260a8990000 - 0x00000260a8995000 	D:\Nukkit Downloads\openjfx-17.0.0.1_windows-x64_bin-sdk\javafx-sdk-17.0.0.1\bin\api-ms-win-crt-multibyte-l1-1-0.dll
0x00000260a89a0000 - 0x00000260a89b0000 	D:\Nukkit Downloads\openjfx-17.0.0.1_windows-x64_bin-sdk\javafx-sdk-17.0.0.1\bin\api-ms-win-crt-private-l1-1-0.dll
0x00000260a89b0000 - 0x00000260a89b3000 	D:\Nukkit Downloads\openjfx-17.0.0.1_windows-x64_bin-sdk\javafx-sdk-17.0.0.1\bin\api-ms-win-crt-process-l1-1-0.dll
0x00000260a89c0000 - 0x00000260a89c4000 	D:\Nukkit Downloads\openjfx-17.0.0.1_windows-x64_bin-sdk\javafx-sdk-17.0.0.1\bin\api-ms-win-crt-runtime-l1-1-0.dll
0x00000260a89d0000 - 0x00000260a89d4000 	D:\Nukkit Downloads\openjfx-17.0.0.1_windows-x64_bin-sdk\javafx-sdk-17.0.0.1\bin\api-ms-win-crt-stdio-l1-1-0.dll
0x00000260a89e0000 - 0x00000260a89e4000 	D:\Nukkit Downloads\openjfx-17.0.0.1_windows-x64_bin-sdk\javafx-sdk-17.0.0.1\bin\api-ms-win-crt-string-l1-1-0.dll
0x00000260a89f0000 - 0x00000260a89f3000 	D:\Nukkit Downloads\openjfx-17.0.0.1_windows-x64_bin-sdk\javafx-sdk-17.0.0.1\bin\api-ms-win-crt-time-l1-1-0.dll
0x00000260a8a00000 - 0x00000260a8a03000 	D:\Nukkit Downloads\openjfx-17.0.0.1_windows-x64_bin-sdk\javafx-sdk-17.0.0.1\bin\api-ms-win-crt-utility-l1-1-0.dll
0x00007ffe8a070000 - 0x00007ffe8a16c000 	D:\Nukkit Downloads\openjfx-17.0.0.1_windows-x64_bin-sdk\javafx-sdk-17.0.0.1\bin\ucrtbase.dll
0x00007ffeb2f90000 - 0x00007ffeb2faa000 	D:\Nukkit Downloads\openjfx-17.0.0.1_windows-x64_bin-sdk\javafx-sdk-17.0.0.1\bin\vcruntime140.dll
0x00007ffeb3c10000 - 0x00007ffeb3c1c000 	D:\Nukkit Downloads\openjfx-17.0.0.1_windows-x64_bin-sdk\javafx-sdk-17.0.0.1\bin\vcruntime140_1.dll
0x00007ffe9c1f0000 - 0x00007ffe9c27d000 	D:\Nukkit Downloads\openjfx-17.0.0.1_windows-x64_bin-sdk\javafx-sdk-17.0.0.1\bin\msvcp140.dll
0x00007ffeb1bc0000 - 0x00007ffeb1bea000 	D:\Nukkit Downloads\openjfx-17.0.0.1_windows-x64_bin-sdk\javafx-sdk-17.0.0.1\bin\prism_d3d.dll
0x00007ffe7fa90000 - 0x00007ffe7fc36000 	C:\WINDOWS\system32\d3d9.dll
0x00007ffec0570000 - 0x00007ffec05a8000 	C:\WINDOWS\SYSTEM32\dxcore.dll
0x00007ffeb8220000 - 0x00007ffeb83d8000 	C:\WINDOWS\System32\DriverStore\FileRepository\u0371814.inf_amd64_839416aaebad6c82\B371818\aticfx64.dll
0x00007ffe79f40000 - 0x00007ffe7be23000 	C:\WINDOWS\System32\DriverStore\FileRepository\u0371814.inf_amd64_839416aaebad6c82\B371818\amdxn64.dll
0x00007ffec05b0000 - 0x00007ffec06a3000 	C:\WINDOWS\SYSTEM32\dxgi.dll
0x00007ffeb5f30000 - 0x00007ffeb5f60000 	C:\WINDOWS\SYSTEM32\amdihk64.dll
0x00007ffebd340000 - 0x00007ffebd384000 	C:\WINDOWS\SYSTEM32\directxdatabasehelper.dll
0x00007ffec06d0000 - 0x00007ffec0704000 	C:\WINDOWS\SYSTEM32\ntmarta.dll
0x00007ffeaec60000 - 0x00007ffeaeca2000 	D:\Nukkit Downloads\openjfx-17.0.0.1_windows-x64_bin-sdk\javafx-sdk-17.0.0.1\bin\glass.dll
0x00007ffec5140000 - 0x00007ffec522c000 	C:\WINDOWS\System32\COMDLG32.dll
0x00007ffeb18e0000 - 0x00007ffeb18f4000 	D:\Nukkit Downloads\openjfx-17.0.0.1_windows-x64_bin-sdk\javafx-sdk-17.0.0.1\bin\javafx_font.dll
0x00007ffe95520000 - 0x00007ffe9577f000 	C:\WINDOWS\SYSTEM32\dwrite.dll
0x00007ffeb3a90000 - 0x00007ffeb3a97000 	D:\Nukkit Downloads\openjfx-17.0.0.1_windows-x64_bin-sdk\javafx-sdk-17.0.0.1\bin\prism_common.dll
0x00007ffe1e600000 - 0x00007ffe22357000 	D:\Nukkit Downloads\openjfx-17.0.0.1_windows-x64_bin-sdk\javafx-sdk-17.0.0.1\bin\jfxwebkit.dll
0x00007ffec2800000 - 0x00007ffec2818000 	C:\WINDOWS\SYSTEM32\CRYPTSP.dll
0x00007ffec20f0000 - 0x00007ffec2125000 	C:\WINDOWS\system32\rsaenh.dll
0x00007ffec2820000 - 0x00007ffec282c000 	C:\WINDOWS\SYSTEM32\CRYPTBASE.dll
0x00007ffe97690000 - 0x00007ffe97712000 	C:\Users\Werwolf2303\.jdks\openjdk-14.0.1\bin\freetype.dll
0x00007ffe92c50000 - 0x00007ffe92cf6000 	C:\Users\Werwolf2303\.jdks\openjdk-14.0.1\bin\fontmanager.dll
0x00007ffe7f980000 - 0x00007ffe7fa81000 	C:\WINDOWS\system32\opengl32.dll
0x00007ffeb23f0000 - 0x00007ffeb241d000 	C:\WINDOWS\SYSTEM32\GLU32.dll
0x00007ffea1ac0000 - 0x00007ffea1ae5000 	C:\Users\Werwolf2303\.jdks\openjdk-14.0.1\bin\sunec.dll
0x00007ffec26b0000 - 0x00007ffec26d9000 	C:\WINDOWS\SYSTEM32\USERENV.dll
0x00007ffec2a10000 - 0x00007ffec2a37000 	C:\WINDOWS\SYSTEM32\bcrypt.dll
0x00007ffec1ca0000 - 0x00007ffec1ccd000 	C:\WINDOWS\SYSTEM32\IPHLPAPI.DLL
0x00007ffec4190000 - 0x00007ffec4199000 	C:\WINDOWS\System32\NSI.dll
0x00007ffebc8e0000 - 0x00007ffebc8f9000 	C:\WINDOWS\SYSTEM32\dhcpcsvc6.DLL
0x00007ffebcbe0000 - 0x00007ffebcbfe000 	C:\WINDOWS\SYSTEM32\dhcpcsvc.DLL
0x00007ffec1d10000 - 0x00007ffec1df7000 	C:\WINDOWS\SYSTEM32\DNSAPI.dll

dbghelp: loaded successfully - version: 4.0.5 - missing functions: none
symbol engine: initialized successfully - sym options: 0x614 - pdb path: .;C:\Users\Werwolf2303\.jdks\openjdk-14.0.1\bin;C:\WINDOWS\SYSTEM32;C:\WINDOWS\WinSxS\amd64_microsoft.windows.common-controls_6595b64144ccf1df_6.0.22000.120_none_9d947278b86cc467;C:\Users\Werwolf2303\.jdks\openjdk-14.0.1\bin\server;C:\Program Files\JetBrains\IntelliJ IDEA Community Edition 2020.1.1\bin;D:\Nukkit Downloads\openjfx-17.0.0.1_windows-x64_bin-sdk\javafx-sdk-17.0.0.1\bin;C:\WINDOWS\System32\DriverStore\FileRepository\u0371814.inf_amd64_839416aaebad6c82\B371818;C:\Program Files\Common Files\Microsoft Shared\Ink

VM Arguments:
jvm_args: --module-path=D:\Nukkit Downloads\openjfx-17.0.0.1_windows-x64_bin-sdk\javafx-sdk-17.0.0.1\lib --add-modules=javafx.swing,javafx.graphics,javafx.fxml,javafx.media,javafx.web -javaagent:C:\Program Files\JetBrains\IntelliJ IDEA Community Edition 2020.1.1\lib\idea_rt.jar=63883:C:\Program Files\JetBrains\IntelliJ IDEA Community Edition 2020.1.1\bin -Dfile.encoding=UTF-8 
java_command: com.browser.Service
java_class_path (initial): C:\Users\Werwolf2303\Documents\GitHub\GaniBrowse\target\classes;D:\Nukkit Downloads\cssbox-5.0.0.jar;J:\JavaFX\javafx.media.jar;J:\JavaFX\javafx.controls.jar;J:\JavaFX\javafx.fxml.jar;J:\JavaFX\javafx.base.jar;J:\JavaFX\javafx-swt.jar;J:\JavaFX\javafx.graphics.jar;J:\JavaFX\javafx.web.jar;J:\JavaFX\javafx.swing.jar;C:\Users\Werwolf2303\.m2\repository\net\sf\cssbox\pdf2dom\1.8\pdf2dom-1.8.jar;C:\Users\Werwolf2303\.m2\repository\net\sf\cssbox\cssbox\4.15\cssbox-4.15.jar;C:\Users\Werwolf2303\.m2\repository\net\sourceforge\nekohtml\nekohtml\1.9.22\nekohtml-1.9.22.jar;C:\Users\Werwolf2303\.m2\repository\xerces\xercesImpl\2.12.0\xercesImpl-2.12.0.jar;C:\Users\Werwolf2303\.m2\repository\xml-apis\xml-apis\1.4.01\xml-apis-1.4.01.jar;C:\Users\Werwolf2303\.m2\repository\org\apache\pdfbox\pdfbox\2.0.15\pdfbox-2.0.15.jar;C:\Users\Werwolf2303\.m2\repository\org\apache\pdfbox\fontbox\2.0.15\fontbox-2.0.15.jar;C:\Users\Werwolf2303\.m2\repository\commons-logging\commons-logging\1.2\commons-logging-1.2.jar;C:\Users\Werwolf2303\.m2\repository\net\mabboud\fontverter\FontVerter\1.2.22\FontVerter-1.2.22.jar;C:\Users\Werwolf2303\.m2\repository\org\reflections\reflections\0.9.9\reflections-0.9.9.jar;C:\Users\Werwolf2303\.m2\repository\com\google\guava\guava\15.0\guava-15.0.jar;C:\Users\Werwolf2303\.m2\repository\org\javassist\javassist\3.18.2-GA\javassist-3.18.2-GA.jar;C:\Users\Werwolf2303\.m2\repository\com\google\code\findbugs\annotations\2.0.1\annotations-2.0.1.jar;C:\Users\Werwolf2303\.m2\repository\commons-io\commons-io\2.6\commons-io-2.6.jar;C:\Users\Werwolf2303\.m2\repository\net\sf\cssbox\jstyleparser\4.0.0\jstyleparser-4.0.0.jar;C:\Users\Werwolf2303\.m2\repository\org\antlr\antlr4-runtime\4.5.3\antlr4-runtime-4.5.3.jar;C:\Users\Werwolf2303\.m2\repository\org\slf4j\slf4j-api\1.7.25\slf4j-api-1.7.25.jar;C:\Users\Werwolf2303\.m2\repository\org\unbescape\unbescape\1.1.6.RELEASE\unbescape-1.1.6.RELEASE.jar;C:\Users\Werwolf2303\.m2\repository\com\googlecode\
Launcher Type: SUN_STANDARD

[Global flags]
     intx CICompilerCount                          = 12                                        {product} {ergonomic}
     uint ConcGCThreads                            = 5                                         {product} {ergonomic}
     uint G1ConcRefinementThreads                  = 18                                        {product} {ergonomic}
   size_t G1HeapRegionSize                         = 1048576                                   {product} {ergonomic}
    uintx GCDrainStackTargetSize                   = 64                                        {product} {ergonomic}
   size_t InitialHeapSize                          = 268435456                                 {product} {ergonomic}
   size_t MarkStackSize                            = 4194304                                   {product} {ergonomic}
   size_t MaxHeapSize                              = 4278190080                                {product} {ergonomic}
   size_t MaxNewSize                               = 2566914048                                {product} {ergonomic}
   size_t MinHeapDeltaBytes                        = 1048576                                   {product} {ergonomic}
   size_t MinHeapSize                              = 8388608                                   {product} {ergonomic}
    uintx NonNMethodCodeHeapSize                   = 7602480                                {pd product} {ergonomic}
    uintx NonProfiledCodeHeapSize                  = 122027880                              {pd product} {ergonomic}
    uintx ProfiledCodeHeapSize                     = 122027880                              {pd product} {ergonomic}
    uintx ReservedCodeCacheSize                    = 251658240                              {pd product} {ergonomic}
     bool SegmentedCodeCache                       = true                                      {product} {ergonomic}
   size_t SoftMaxHeapSize                          = 4278190080                             {manageable} {ergonomic}
     bool UseCompressedClassPointers               = true                                 {lp64_product} {ergonomic}
     bool UseCompressedOops                        = true                                 {lp64_product} {ergonomic}
     bool UseG1GC                                  = true                                      {product} {ergonomic}
     bool UseLargePagesIndividualAllocation        = false                                  {pd product} {ergonomic}

Logging:
Log output configuration:
 #0: stdout all=warning uptime,level,tags
 #1: stderr all=off uptime,level,tags

Environment Variables:
PATH=C:\Program Files (x86)\VMware\VMware Workstation\bin\;C:\Program Files (x86)\NVIDIA Corporation\PhysX\Common;C:\PHP\;C:\Program Files (x86)\Common Files\Oracle\Java\javapath;c:\devkitPro\msys2\usr\bin;C:\Program Files (x86)\Python38-32\Scripts\;C:\Program Files (x86)\Python38-32\;C:\WINDOWS\system32;C:\WINDOWS;C:\WINDOWS\System32\Wbem;C:\WINDOWS\System32\WindowsPowerShell\v1.0\;C:\WINDOWS\System32\OpenSSH\;C:\Program Files (x86)\Subversion\bin;C:\Program Files (x86)\IVI Foundation\VISA\WinNT\Bin;C:\Program Files\PuTTY\;C:\Program Files (x86)\GtkSharp\2.12\bin;C:\Program Files\Intel\WiFi\bin\;C:\Program Files\Common Files\Intel\WirelessCommon\;C:\Program Files (x86)\Windows Kits\10\Windows Performance Toolkit\;C:\Program Files\Git\cmd;C:\Program Files\dotnet\;C:\Program Files\Git LFS;C:\Program Files (x86)\Lua\5.1;C:\Program Files (x86)\Lua\5.1\clibs;C:\Program Files (x86)\Brackets\command;C:\Program Files (x86)\dotnet\;D:\Meine Projekte\PiInfo\;C:\ProgramData\chocolatey\bin;;C:\Program Files\Docker\Docker\resources\bin;C:\ProgramData\DockerDesktop\version-bin;C:\Program Files\CMake\bin;C:\Program Files\Nintendo\Nintendo Dev Interface;C:\Program Files\Microsoft Network Monitor 3\;J:\Program Files (x86)\RemObjects Software\Elements\bin;C:\Users\Werwolf2303\AppData\Local\Microsoft\WindowsApps;C:\Program Files (x86)\Jar2Exe Wizard\;C:\Users\Werwolf2303\AppData\Local\GitHubDesktop\bin;C:\devkitPro\devkitARM;C:\Program Files\Intel\WiFi\bin\;C:\Program Files\Common Files\Intel\WirelessCommon\;C:\Users\Werwolf2303\Downloads\http\Apache24;C:\Users\Werwolf2303\Downloads\ffmpeg-20200628-4cfcfb3-win64-static\bin\;C:\maven\bin;C:\Program Files (x86)\Lua\5.1;D:\Nukkit Downloads\ffmpeg-4.3.1-2020-09-21-full_build\bin;C:\Users\Werwolf2303\AppData\Roaming\npm;C:\Users\Werwolf2303\AppData\Local\Programs\Microsoft VS Code\bin;C:\Program Files\qemu;C:\Users\Werwolf2303\AppData\Local\Android\Sdk\emulator\lib\pc-bios\;C:\Users\Werwolf2303\.dotnet\tools;C:\Users\Werwolf2303\AppData\Loca
USERNAME=Werwolf2303
OS=Windows_NT
PROCESSOR_IDENTIFIER=AMD64 Family 23 Model 113 Stepping 0, AuthenticAMD



---------------  S Y S T E M  ---------------

OS: Windows 10 , 64 bit Build 22000 (10.0.22000.120)
OS uptime: 2 days 4:07 hours
HyperV virtualization detected

CPU:total 24 (initial active 24) (24 cores per cpu, 2 threads per core) family 23 model 113 stepping 0, cmov, cx8, fxsr, mmx, sse, sse2, sse3, ssse3, sse4.1, sse4.2, popcnt, avx, avx2, aes, clmul, mmxext, 3dnowpref, lzcnt, sse4a, ht, tsc, tscinvbit, tscinv, bmi1, bmi2, adx, sha, fma

Memory: 4k page, system-wide physical 16314M (2403M free)
TotalPageFile size 23269M (AvailPageFile size 4M)
current process WorkingSet (physical memory assigned to process): 306M, peak: 306M
current process commit charge ("private bytes"): 476M, peak: 486M

vm_info: OpenJDK 64-Bit Server VM (14.0.1+7) for windows-amd64 JRE (14.0.1+7), built on Mar  5 2020 10:30:04 by "mach5one" with MS VC++ 15.9 (VS2017)

END.
